#! c:/iverilog-x64/bin/vvp
:ivl_version "10.1 (stable)" "(v10_1_1)";
:ivl_delay_selection "TYPICAL";
:vpi_time_precision + 0;
:vpi_module "system";
:vpi_module "vhdl_sys";
:vpi_module "v2005_math";
:vpi_module "va_math";
S_00000000027b2930 .scope module, "count_stop" "count_stop" 2 1;
 .timescale 0 0;
    .port_info 0 /OUTPUT 2 "q"
    .port_info 1 /INPUT 2 "i"
    .port_info 2 /INPUT 1 "clk"
    .port_info 3 /INPUT 1 "reset"
o00000000027e6fd8 .functor BUFZ 1, C4<z>; HiZ drive
v00000000027e6f20_0 .net "clk", 0 0, o00000000027e6fd8;  0 drivers
o00000000027e7008 .functor BUFZ 2, C4<zz>; HiZ drive
v00000000027b2ab0_0 .net "i", 1 0, o00000000027e7008;  0 drivers
v00000000027b2b50_0 .var "q", 1 0;
o00000000027e7068 .functor BUFZ 1, C4<z>; HiZ drive
v00000000027b2bf0_0 .net "reset", 0 0, o00000000027e7068;  0 drivers
E_00000000027e43a0 .event posedge, v00000000027e6f20_0;
    .scope S_00000000027b2930;
T_0 ;
    %wait E_00000000027e43a0;
    %load/vec4 v00000000027b2bf0_0;
    %flag_set/vec4 8;
    %jmp/0xz  T_0.0, 8;
    %pushi/vec4 0, 0, 2;
    %assign/vec4 v00000000027b2b50_0, 0;
    %jmp T_0.1;
T_0.0 ;
    %load/vec4 v00000000027b2b50_0;
    %load/vec4 v00000000027b2ab0_0;
    %cmp/ne;
    %jmp/0xz  T_0.2, 4;
    %load/vec4 v00000000027b2b50_0;
    %addi 1, 0, 2;
    %assign/vec4 v00000000027b2b50_0, 0;
    %jmp T_0.3;
T_0.2 ;
    %load/vec4 v00000000027b2ab0_0;
    %assign/vec4 v00000000027b2b50_0, 0;
T_0.3 ;
T_0.1 ;
    %jmp T_0;
    .thread T_0;
# The file index is used to find the file name in the following table.
:file_names 3;
    "N/A";
    "<interactive>";
    ".\count_stop.v";
