#! c:/iverilog-x64/bin/vvp
:ivl_version "10.1 (stable)" "(v10_1_1)";
:ivl_delay_selection "TYPICAL";
:vpi_time_precision + 0;
:vpi_module "system";
:vpi_module "vhdl_sys";
:vpi_module "v2005_math";
:vpi_module "va_math";
S_0000000002612a40 .scope module, "bytes_to_7segments" "bytes_to_7segments" 2 172;
 .timescale 0 0;
    .port_info 0 /OUTPUT 1 "led"
    .port_info 1 /INPUT 1 "bytes"
L_0000000002700088 .functor BUFT 1, C4<00000000000000000000000000000001>, C4<0>, C4<0>, C4<0>;
v0000000002612c80_0 .net/2s *"_s1", 31 0, L_0000000002700088;  1 drivers
o000000000266ead8 .functor BUFZ 1, C4<z>; HiZ drive
v000000000265a610_0 .net "bytes", 0 0, o000000000266ead8;  0 drivers
v000000000265a6b0_0 .var "led", 0 0;
E_000000000266bde0 .event edge, L_0000000002700088;
S_000000000265a490 .scope module, "project" "project" 2 1;
 .timescale 0 0;
    .port_info 0 /OUTPUT 2 "motor1"
    .port_info 1 /OUTPUT 2 "motor2"
    .port_info 2 /OUTPUT 7 "led1"
    .port_info 3 /OUTPUT 7 "led2"
    .port_info 4 /OUTPUT 7 "led3"
    .port_info 5 /OUTPUT 7 "point_led"
    .port_info 6 /INPUT 4 "switch"
    .port_info 7 /INPUT 3 "motor_dir"
    .port_info 8 /INPUT 1 "clk"
    .port_info 9 /INPUT 1 "reset"
    .port_info 10 /INPUT 1 "set"
L_0000000002700160 .functor BUFT 1, C4<00000000000000000000000000000001>, C4<0>, C4<0>, C4<0>;
v000000000265a750_0 .net/2s *"_s11", 31 0, L_0000000002700160;  1 drivers
L_00000000027000d0 .functor BUFT 1, C4<00000000000000000000000000000001>, C4<0>, C4<0>, C4<0>;
v000000000265a7f0_0 .net/2s *"_s3", 31 0, L_00000000027000d0;  1 drivers
L_0000000002700118 .functor BUFT 1, C4<00000000000000000000000000000001>, C4<0>, C4<0>, C4<0>;
v00000000026c5830_0 .net/2s *"_s7", 31 0, L_0000000002700118;  1 drivers
v00000000026c58d0_0 .var "alreadySet", 0 0;
o000000000266ec58 .functor BUFZ 1, C4<z>; HiZ drive
v00000000026c5970_0 .net "clk", 0 0, o000000000266ec58;  0 drivers
v00000000026c5b00_0 .var "led1", 6 0;
v00000000026c6640_0 .var "led2", 6 0;
v00000000026c68c0_0 .var "led3", 6 0;
v00000000026c6460_0 .var "motor1", 1 0;
v00000000026c60a0_0 .var "motor2", 1 0;
o000000000266ed78 .functor BUFZ 3, C4<zzz>; HiZ drive
v00000000026c5ce0_0 .net "motor_dir", 2 0, o000000000266ed78;  0 drivers
v00000000026c6320_0 .var "num1", 4 0;
v00000000026c5d80_0 .var "num2", 4 0;
v00000000026c5e20_0 .var "num3", 8 0;
v00000000026c5ba0_0 .var "operator", 0 0;
v00000000026c65a0_0 .var "point", 2 0;
v00000000026c63c0_0 .var "point_led", 6 0;
v00000000026c5c40_0 .var "rand", 3 0;
v00000000026c5a60_0 .var "rand2", 3 0;
v00000000026c5ec0_0 .var "rand3", 8 0;
o000000000266ef58 .functor BUFZ 1, C4<z>; HiZ drive
v00000000026c6820_0 .net "reset", 0 0, o000000000266ef58;  0 drivers
o000000000266ef88 .functor BUFZ 1, C4<z>; HiZ drive
v00000000026c6960_0 .net "set", 0 0, o000000000266ef88;  0 drivers
o000000000266efb8 .functor BUFZ 4, C4<zzzz>; HiZ drive
v00000000026c5f60_0 .net "switch", 3 0, o000000000266efb8;  0 drivers
E_000000000266b6e0 .event edge, L_0000000002700160;
E_000000000266b660 .event edge, L_0000000002700118;
E_000000000266b560 .event edge, L_00000000027000d0;
E_000000000266bc60 .event posedge, v00000000026c5970_0;
    .scope S_0000000002612a40;
T_0 ;
    %wait E_000000000266bde0;
    %load/vec4 v000000000265a610_0;
    %pad/u 4;
    %dup/vec4;
    %pushi/vec4 0, 0, 4;
    %cmp/u;
    %jmp/1 T_0.0, 6;
    %dup/vec4;
    %pushi/vec4 1, 0, 4;
    %cmp/u;
    %jmp/1 T_0.1, 6;
    %dup/vec4;
    %pushi/vec4 2, 0, 4;
    %cmp/u;
    %jmp/1 T_0.2, 6;
    %dup/vec4;
    %pushi/vec4 3, 0, 4;
    %cmp/u;
    %jmp/1 T_0.3, 6;
    %dup/vec4;
    %pushi/vec4 4, 0, 4;
    %cmp/u;
    %jmp/1 T_0.4, 6;
    %dup/vec4;
    %pushi/vec4 5, 0, 4;
    %cmp/u;
    %jmp/1 T_0.5, 6;
    %dup/vec4;
    %pushi/vec4 6, 0, 4;
    %cmp/u;
    %jmp/1 T_0.6, 6;
    %dup/vec4;
    %pushi/vec4 7, 0, 4;
    %cmp/u;
    %jmp/1 T_0.7, 6;
    %dup/vec4;
    %pushi/vec4 8, 0, 4;
    %cmp/u;
    %jmp/1 T_0.8, 6;
    %dup/vec4;
    %pushi/vec4 9, 0, 4;
    %cmp/u;
    %jmp/1 T_0.9, 6;
    %jmp T_0.10;
T_0.0 ;
    %pushi/vec4 0, 0, 1;
    %assign/vec4 v000000000265a6b0_0, 0;
    %jmp T_0.10;
T_0.1 ;
    %pushi/vec4 0, 0, 1;
    %assign/vec4 v000000000265a6b0_0, 0;
    %jmp T_0.10;
T_0.2 ;
    %pushi/vec4 1, 0, 1;
    %assign/vec4 v000000000265a6b0_0, 0;
    %jmp T_0.10;
T_0.3 ;
    %pushi/vec4 1, 0, 1;
    %assign/vec4 v000000000265a6b0_0, 0;
    %jmp T_0.10;
T_0.4 ;
    %pushi/vec4 1, 0, 1;
    %assign/vec4 v000000000265a6b0_0, 0;
    %jmp T_0.10;
T_0.5 ;
    %pushi/vec4 1, 0, 1;
    %assign/vec4 v000000000265a6b0_0, 0;
    %jmp T_0.10;
T_0.6 ;
    %pushi/vec4 1, 0, 1;
    %assign/vec4 v000000000265a6b0_0, 0;
    %jmp T_0.10;
T_0.7 ;
    %pushi/vec4 0, 0, 1;
    %assign/vec4 v000000000265a6b0_0, 0;
    %jmp T_0.10;
T_0.8 ;
    %pushi/vec4 1, 0, 1;
    %assign/vec4 v000000000265a6b0_0, 0;
    %jmp T_0.10;
T_0.9 ;
    %pushi/vec4 1, 0, 1;
    %assign/vec4 v000000000265a6b0_0, 0;
    %jmp T_0.10;
T_0.10 ;
    %pop/vec4 1;
    %jmp T_0;
    .thread T_0, $push;
    .scope S_000000000265a490;
T_1 ;
    %wait E_000000000266bc60;
    %load/vec4 v00000000026c5c40_0;
    %addi 1, 0, 4;
    %assign/vec4 v00000000026c5c40_0, 0;
    %load/vec4 v00000000026c5a60_0;
    %addi 3, 0, 4;
    %assign/vec4 v00000000026c5a60_0, 0;
    %load/vec4 v00000000026c5ec0_0;
    %load/vec4 v00000000026c5c40_0;
    %pad/u 9;
    %add;
    %load/vec4 v00000000026c5a60_0;
    %pad/u 9;
    %add;
    %assign/vec4 v00000000026c5ec0_0, 0;
    %pushi/vec4 9, 0, 32;
    %load/vec4 v00000000026c5c40_0;
    %pad/u 32;
    %cmp/u;
    %jmp/0xz  T_1.0, 5;
    %pushi/vec4 0, 0, 4;
    %assign/vec4 v00000000026c5c40_0, 0;
T_1.0 ;
    %pushi/vec4 9, 0, 32;
    %load/vec4 v00000000026c5a60_0;
    %pad/u 32;
    %cmp/u;
    %jmp/0xz  T_1.2, 5;
    %load/vec4 v00000000026c5a60_0;
    %pad/u 5;
    %subi 9, 0, 5;
    %pad/u 4;
    %assign/vec4 v00000000026c5a60_0, 0;
T_1.2 ;
    %pushi/vec4 100, 0, 32;
    %load/vec4 v00000000026c5ec0_0;
    %pad/u 32;
    %cmp/u;
    %jmp/0xz  T_1.4, 5;
    %pushi/vec4 0, 0, 9;
    %assign/vec4 v00000000026c5ec0_0, 0;
T_1.4 ;
    %jmp T_1;
    .thread T_1;
    .scope S_000000000265a490;
T_2 ;
    %wait E_000000000266b560;
    %load/vec4 v00000000026c5ce0_0;
    %parti/s 1, 0, 2;
    %pad/u 32;
    %cmpi/e 1, 0, 32;
    %jmp/0xz  T_2.0, 4;
    %pushi/vec4 1, 0, 2;
    %assign/vec4 v00000000026c6460_0, 0;
    %jmp T_2.1;
T_2.0 ;
    %pushi/vec4 2, 0, 2;
    %assign/vec4 v00000000026c6460_0, 0;
T_2.1 ;
    %jmp T_2;
    .thread T_2, $push;
    .scope S_000000000265a490;
T_3 ;
    %wait E_000000000266b660;
    %load/vec4 v00000000026c5ce0_0;
    %parti/s 1, 1, 2;
    %pad/u 32;
    %cmpi/e 1, 0, 32;
    %jmp/0xz  T_3.0, 4;
    %pushi/vec4 1, 0, 2;
    %assign/vec4 v00000000026c60a0_0, 0;
    %jmp T_3.1;
T_3.0 ;
    %pushi/vec4 2, 0, 2;
    %assign/vec4 v00000000026c60a0_0, 0;
T_3.1 ;
    %jmp T_3;
    .thread T_3, $push;
    .scope S_000000000265a490;
T_4 ;
    %wait E_000000000266b6e0;
    %load/vec4 v00000000026c6820_0;
    %flag_set/vec4 8;
    %jmp/0xz  T_4.0, 8;
    %pushi/vec4 0, 0, 5;
    %assign/vec4 v00000000026c6320_0, 0;
    %pushi/vec4 0, 0, 5;
    %assign/vec4 v00000000026c5d80_0, 0;
    %pushi/vec4 0, 0, 9;
    %assign/vec4 v00000000026c5e20_0, 0;
T_4.0 ;
    %load/vec4 v00000000026c6960_0;
    %flag_set/vec4 8;
    %jmp/0xz  T_4.2, 8;
    %pushi/vec4 1, 0, 1;
    %assign/vec4 v00000000026c58d0_0, 0;
    %load/vec4 v00000000026c5ec0_0;
    %pad/u 32;
    %pushi/vec4 4, 0, 32;
    %mod;
    %pad/u 1;
    %assign/vec4 v00000000026c5ba0_0, 0;
    %load/vec4 v00000000026c5a60_0;
    %load/vec4 v00000000026c5c40_0;
    %cmp/u;
    %flag_or 5, 4;
    %jmp/0xz  T_4.4, 5;
    %load/vec4 v00000000026c5c40_0;
    %pad/u 5;
    %assign/vec4 v00000000026c6320_0, 0;
    %load/vec4 v00000000026c5a60_0;
    %pad/u 5;
    %assign/vec4 v00000000026c5d80_0, 0;
    %jmp T_4.5;
T_4.4 ;
    %load/vec4 v00000000026c5a60_0;
    %pad/u 5;
    %assign/vec4 v00000000026c6320_0, 0;
    %load/vec4 v00000000026c5c40_0;
    %pad/u 5;
    %assign/vec4 v00000000026c5d80_0, 0;
T_4.5 ;
    %load/vec4 v00000000026c5ba0_0;
    %pad/u 2;
    %dup/vec4;
    %pushi/vec4 0, 0, 2;
    %cmp/u;
    %jmp/1 T_4.6, 6;
    %dup/vec4;
    %pushi/vec4 1, 0, 2;
    %cmp/u;
    %jmp/1 T_4.7, 6;
    %dup/vec4;
    %pushi/vec4 2, 0, 2;
    %cmp/u;
    %jmp/1 T_4.8, 6;
    %dup/vec4;
    %pushi/vec4 3, 0, 2;
    %cmp/u;
    %jmp/1 T_4.9, 6;
    %jmp T_4.10;
T_4.6 ;
    %load/vec4 v00000000026c6320_0;
    %pad/u 9;
    %load/vec4 v00000000026c5d80_0;
    %pad/u 9;
    %add;
    %assign/vec4 v00000000026c5e20_0, 0;
    %jmp T_4.10;
T_4.7 ;
    %load/vec4 v00000000026c6320_0;
    %pad/u 9;
    %load/vec4 v00000000026c5d80_0;
    %pad/u 9;
    %sub;
    %assign/vec4 v00000000026c5e20_0, 0;
    %jmp T_4.10;
T_4.8 ;
    %load/vec4 v00000000026c6320_0;
    %pad/u 9;
    %load/vec4 v00000000026c5d80_0;
    %pad/u 9;
    %mul;
    %assign/vec4 v00000000026c5e20_0, 0;
    %jmp T_4.10;
T_4.9 ;
    %load/vec4 v00000000026c6320_0;
    %pad/u 9;
    %load/vec4 v00000000026c5d80_0;
    %pad/u 9;
    %div;
    %assign/vec4 v00000000026c5e20_0, 0;
    %jmp T_4.10;
T_4.10 ;
    %pop/vec4 1;
T_4.2 ;
    %load/vec4 v00000000026c6320_0;
    %dup/vec4;
    %pushi/vec4 0, 0, 5;
    %cmp/u;
    %jmp/1 T_4.11, 6;
    %dup/vec4;
    %pushi/vec4 1, 0, 5;
    %cmp/u;
    %jmp/1 T_4.12, 6;
    %dup/vec4;
    %pushi/vec4 2, 0, 5;
    %cmp/u;
    %jmp/1 T_4.13, 6;
    %dup/vec4;
    %pushi/vec4 3, 0, 5;
    %cmp/u;
    %jmp/1 T_4.14, 6;
    %dup/vec4;
    %pushi/vec4 4, 0, 5;
    %cmp/u;
    %jmp/1 T_4.15, 6;
    %dup/vec4;
    %pushi/vec4 5, 0, 5;
    %cmp/u;
    %jmp/1 T_4.16, 6;
    %dup/vec4;
    %pushi/vec4 6, 0, 5;
    %cmp/u;
    %jmp/1 T_4.17, 6;
    %dup/vec4;
    %pushi/vec4 7, 0, 5;
    %cmp/u;
    %jmp/1 T_4.18, 6;
    %dup/vec4;
    %pushi/vec4 8, 0, 5;
    %cmp/u;
    %jmp/1 T_4.19, 6;
    %dup/vec4;
    %pushi/vec4 9, 0, 5;
    %cmp/u;
    %jmp/1 T_4.20, 6;
    %jmp T_4.21;
T_4.11 ;
    %pushi/vec4 126, 0, 7;
    %assign/vec4 v00000000026c5b00_0, 0;
    %jmp T_4.21;
T_4.12 ;
    %pushi/vec4 48, 0, 7;
    %assign/vec4 v00000000026c5b00_0, 0;
    %jmp T_4.21;
T_4.13 ;
    %pushi/vec4 109, 0, 7;
    %assign/vec4 v00000000026c5b00_0, 0;
    %jmp T_4.21;
T_4.14 ;
    %pushi/vec4 121, 0, 7;
    %assign/vec4 v00000000026c5b00_0, 0;
    %jmp T_4.21;
T_4.15 ;
    %pushi/vec4 115, 0, 7;
    %assign/vec4 v00000000026c5b00_0, 0;
    %jmp T_4.21;
T_4.16 ;
    %pushi/vec4 91, 0, 7;
    %assign/vec4 v00000000026c5b00_0, 0;
    %jmp T_4.21;
T_4.17 ;
    %pushi/vec4 95, 0, 7;
    %assign/vec4 v00000000026c5b00_0, 0;
    %jmp T_4.21;
T_4.18 ;
    %pushi/vec4 112, 0, 7;
    %assign/vec4 v00000000026c5b00_0, 0;
    %jmp T_4.21;
T_4.19 ;
    %pushi/vec4 127, 0, 7;
    %assign/vec4 v00000000026c5b00_0, 0;
    %jmp T_4.21;
T_4.20 ;
    %pushi/vec4 123, 0, 7;
    %assign/vec4 v00000000026c5b00_0, 0;
    %jmp T_4.21;
T_4.21 ;
    %pop/vec4 1;
    %load/vec4 v00000000026c5d80_0;
    %dup/vec4;
    %pushi/vec4 0, 0, 5;
    %cmp/u;
    %jmp/1 T_4.22, 6;
    %dup/vec4;
    %pushi/vec4 1, 0, 5;
    %cmp/u;
    %jmp/1 T_4.23, 6;
    %dup/vec4;
    %pushi/vec4 2, 0, 5;
    %cmp/u;
    %jmp/1 T_4.24, 6;
    %dup/vec4;
    %pushi/vec4 3, 0, 5;
    %cmp/u;
    %jmp/1 T_4.25, 6;
    %dup/vec4;
    %pushi/vec4 4, 0, 5;
    %cmp/u;
    %jmp/1 T_4.26, 6;
    %dup/vec4;
    %pushi/vec4 5, 0, 5;
    %cmp/u;
    %jmp/1 T_4.27, 6;
    %dup/vec4;
    %pushi/vec4 6, 0, 5;
    %cmp/u;
    %jmp/1 T_4.28, 6;
    %dup/vec4;
    %pushi/vec4 7, 0, 5;
    %cmp/u;
    %jmp/1 T_4.29, 6;
    %dup/vec4;
    %pushi/vec4 8, 0, 5;
    %cmp/u;
    %jmp/1 T_4.30, 6;
    %dup/vec4;
    %pushi/vec4 9, 0, 5;
    %cmp/u;
    %jmp/1 T_4.31, 6;
    %jmp T_4.32;
T_4.22 ;
    %pushi/vec4 126, 0, 7;
    %assign/vec4 v00000000026c6640_0, 0;
    %jmp T_4.32;
T_4.23 ;
    %pushi/vec4 48, 0, 7;
    %assign/vec4 v00000000026c6640_0, 0;
    %jmp T_4.32;
T_4.24 ;
    %pushi/vec4 109, 0, 7;
    %assign/vec4 v00000000026c6640_0, 0;
    %jmp T_4.32;
T_4.25 ;
    %pushi/vec4 121, 0, 7;
    %assign/vec4 v00000000026c6640_0, 0;
    %jmp T_4.32;
T_4.26 ;
    %pushi/vec4 115, 0, 7;
    %assign/vec4 v00000000026c6640_0, 0;
    %jmp T_4.32;
T_4.27 ;
    %pushi/vec4 91, 0, 7;
    %assign/vec4 v00000000026c6640_0, 0;
    %jmp T_4.32;
T_4.28 ;
    %pushi/vec4 95, 0, 7;
    %assign/vec4 v00000000026c6640_0, 0;
    %jmp T_4.32;
T_4.29 ;
    %pushi/vec4 112, 0, 7;
    %assign/vec4 v00000000026c6640_0, 0;
    %jmp T_4.32;
T_4.30 ;
    %pushi/vec4 127, 0, 7;
    %assign/vec4 v00000000026c6640_0, 0;
    %jmp T_4.32;
T_4.31 ;
    %pushi/vec4 123, 0, 7;
    %assign/vec4 v00000000026c6640_0, 0;
    %jmp T_4.32;
T_4.32 ;
    %pop/vec4 1;
    %load/vec4 v00000000026c5e20_0;
    %dup/vec4;
    %pushi/vec4 0, 0, 9;
    %cmp/u;
    %jmp/1 T_4.33, 6;
    %dup/vec4;
    %pushi/vec4 1, 0, 9;
    %cmp/u;
    %jmp/1 T_4.34, 6;
    %dup/vec4;
    %pushi/vec4 2, 0, 9;
    %cmp/u;
    %jmp/1 T_4.35, 6;
    %dup/vec4;
    %pushi/vec4 3, 0, 9;
    %cmp/u;
    %jmp/1 T_4.36, 6;
    %dup/vec4;
    %pushi/vec4 4, 0, 9;
    %cmp/u;
    %jmp/1 T_4.37, 6;
    %dup/vec4;
    %pushi/vec4 5, 0, 9;
    %cmp/u;
    %jmp/1 T_4.38, 6;
    %dup/vec4;
    %pushi/vec4 6, 0, 9;
    %cmp/u;
    %jmp/1 T_4.39, 6;
    %dup/vec4;
    %pushi/vec4 7, 0, 9;
    %cmp/u;
    %jmp/1 T_4.40, 6;
    %dup/vec4;
    %pushi/vec4 8, 0, 9;
    %cmp/u;
    %jmp/1 T_4.41, 6;
    %dup/vec4;
    %pushi/vec4 9, 0, 9;
    %cmp/u;
    %jmp/1 T_4.42, 6;
    %jmp T_4.43;
T_4.33 ;
    %pushi/vec4 126, 0, 7;
    %assign/vec4 v00000000026c68c0_0, 0;
    %jmp T_4.43;
T_4.34 ;
    %pushi/vec4 48, 0, 7;
    %assign/vec4 v00000000026c68c0_0, 0;
    %jmp T_4.43;
T_4.35 ;
    %pushi/vec4 109, 0, 7;
    %assign/vec4 v00000000026c68c0_0, 0;
    %jmp T_4.43;
T_4.36 ;
    %pushi/vec4 121, 0, 7;
    %assign/vec4 v00000000026c68c0_0, 0;
    %jmp T_4.43;
T_4.37 ;
    %pushi/vec4 115, 0, 7;
    %assign/vec4 v00000000026c68c0_0, 0;
    %jmp T_4.43;
T_4.38 ;
    %pushi/vec4 91, 0, 7;
    %assign/vec4 v00000000026c68c0_0, 0;
    %jmp T_4.43;
T_4.39 ;
    %pushi/vec4 95, 0, 7;
    %assign/vec4 v00000000026c68c0_0, 0;
    %jmp T_4.43;
T_4.40 ;
    %pushi/vec4 112, 0, 7;
    %assign/vec4 v00000000026c68c0_0, 0;
    %jmp T_4.43;
T_4.41 ;
    %pushi/vec4 127, 0, 7;
    %assign/vec4 v00000000026c68c0_0, 0;
    %jmp T_4.43;
T_4.42 ;
    %pushi/vec4 123, 0, 7;
    %assign/vec4 v00000000026c68c0_0, 0;
    %jmp T_4.43;
T_4.43 ;
    %pop/vec4 1;
    %load/vec4 v00000000026c58d0_0;
    %pad/u 32;
    %cmpi/e 1, 0, 32;
    %jmp/0xz  T_4.44, 4;
    %load/vec4 v00000000026c5ba0_0;
    %pad/u 32;
    %cmpi/e 0, 0, 32;
    %jmp/0xz  T_4.46, 4;
    %load/vec4 v00000000026c5f60_0;
    %parti/s 1, 0, 2;
    %flag_set/vec4 8;
    %jmp/0xz  T_4.48, 8;
    %load/vec4 v00000000026c65a0_0;
    %addi 1, 0, 3;
    %assign/vec4 v00000000026c65a0_0, 0;
    %pushi/vec4 0, 0, 1;
    %assign/vec4 v00000000026c58d0_0, 0;
T_4.48 ;
    %jmp T_4.47;
T_4.46 ;
    %load/vec4 v00000000026c5ba0_0;
    %pad/u 32;
    %cmpi/e 1, 0, 32;
    %jmp/0xz  T_4.50, 4;
    %load/vec4 v00000000026c5f60_0;
    %parti/s 1, 1, 2;
    %flag_set/vec4 8;
    %jmp/0xz  T_4.52, 8;
    %load/vec4 v00000000026c65a0_0;
    %addi 1, 0, 3;
    %assign/vec4 v00000000026c65a0_0, 0;
    %pushi/vec4 0, 0, 1;
    %assign/vec4 v00000000026c58d0_0, 0;
T_4.52 ;
    %jmp T_4.51;
T_4.50 ;
    %load/vec4 v00000000026c5ba0_0;
    %pad/u 32;
    %cmpi/e 2, 0, 32;
    %jmp/0xz  T_4.54, 4;
    %load/vec4 v00000000026c5f60_0;
    %parti/s 1, 2, 3;
    %flag_set/vec4 8;
    %jmp/0xz  T_4.56, 8;
    %load/vec4 v00000000026c65a0_0;
    %addi 1, 0, 3;
    %assign/vec4 v00000000026c65a0_0, 0;
    %pushi/vec4 0, 0, 1;
    %assign/vec4 v00000000026c58d0_0, 0;
T_4.56 ;
    %jmp T_4.55;
T_4.54 ;
    %load/vec4 v00000000026c5ba0_0;
    %pad/u 32;
    %cmpi/e 3, 0, 32;
    %jmp/0xz  T_4.58, 4;
    %load/vec4 v00000000026c5f60_0;
    %parti/s 1, 3, 3;
    %flag_set/vec4 8;
    %jmp/0xz  T_4.60, 8;
    %load/vec4 v00000000026c65a0_0;
    %addi 1, 0, 3;
    %assign/vec4 v00000000026c65a0_0, 0;
    %pushi/vec4 0, 0, 1;
    %assign/vec4 v00000000026c58d0_0, 0;
T_4.60 ;
T_4.58 ;
T_4.55 ;
T_4.51 ;
T_4.47 ;
T_4.44 ;
    %load/vec4 v00000000026c65a0_0;
    %pad/u 4;
    %dup/vec4;
    %pushi/vec4 0, 0, 4;
    %cmp/u;
    %jmp/1 T_4.62, 6;
    %dup/vec4;
    %pushi/vec4 1, 0, 4;
    %cmp/u;
    %jmp/1 T_4.63, 6;
    %dup/vec4;
    %pushi/vec4 2, 0, 4;
    %cmp/u;
    %jmp/1 T_4.64, 6;
    %dup/vec4;
    %pushi/vec4 3, 0, 4;
    %cmp/u;
    %jmp/1 T_4.65, 6;
    %dup/vec4;
    %pushi/vec4 4, 0, 4;
    %cmp/u;
    %jmp/1 T_4.66, 6;
    %dup/vec4;
    %pushi/vec4 5, 0, 4;
    %cmp/u;
    %jmp/1 T_4.67, 6;
    %dup/vec4;
    %pushi/vec4 6, 0, 4;
    %cmp/u;
    %jmp/1 T_4.68, 6;
    %dup/vec4;
    %pushi/vec4 7, 0, 4;
    %cmp/u;
    %jmp/1 T_4.69, 6;
    %dup/vec4;
    %pushi/vec4 8, 0, 4;
    %cmp/u;
    %jmp/1 T_4.70, 6;
    %dup/vec4;
    %pushi/vec4 9, 0, 4;
    %cmp/u;
    %jmp/1 T_4.71, 6;
    %jmp T_4.72;
T_4.62 ;
    %pushi/vec4 126, 0, 7;
    %assign/vec4 v00000000026c63c0_0, 0;
    %jmp T_4.72;
T_4.63 ;
    %pushi/vec4 48, 0, 7;
    %assign/vec4 v00000000026c63c0_0, 0;
    %jmp T_4.72;
T_4.64 ;
    %pushi/vec4 109, 0, 7;
    %assign/vec4 v00000000026c63c0_0, 0;
    %jmp T_4.72;
T_4.65 ;
    %pushi/vec4 121, 0, 7;
    %assign/vec4 v00000000026c63c0_0, 0;
    %jmp T_4.72;
T_4.66 ;
    %pushi/vec4 115, 0, 7;
    %assign/vec4 v00000000026c63c0_0, 0;
    %jmp T_4.72;
T_4.67 ;
    %pushi/vec4 91, 0, 7;
    %assign/vec4 v00000000026c63c0_0, 0;
    %jmp T_4.72;
T_4.68 ;
    %pushi/vec4 95, 0, 7;
    %assign/vec4 v00000000026c63c0_0, 0;
    %jmp T_4.72;
T_4.69 ;
    %pushi/vec4 112, 0, 7;
    %assign/vec4 v00000000026c63c0_0, 0;
    %jmp T_4.72;
T_4.70 ;
    %pushi/vec4 127, 0, 7;
    %assign/vec4 v00000000026c63c0_0, 0;
    %jmp T_4.72;
T_4.71 ;
    %pushi/vec4 123, 0, 7;
    %assign/vec4 v00000000026c63c0_0, 0;
    %jmp T_4.72;
T_4.72 ;
    %pop/vec4 1;
    %jmp T_4;
    .thread T_4, $push;
# The file index is used to find the file name in the following table.
:file_names 3;
    "N/A";
    "<interactive>";
    ".\game.v";
